2021-07-05_18-53-24 [background-preinit] INFO  o.h.validator.internal.util.Version - HV000001: Hibernate Validator 6.1.7.Final
2021-07-05_18-53-24 [restartedMain] INFO  c.c.p.PortalMicroserviceApplication - Starting PortalMicroserviceApplication using Java 16.0.1 on LAPTOP-JINL65N6 with PID 16112 (E:\CTS\spring\CDE-Project-International-Patients-treatment-management\Portal-Microservice\target\classes started by sreek in E:\CTS\spring\CDE-Project-International-Patients-treatment-management\Portal-Microservice)
2021-07-05_18-53-24 [restartedMain] INFO  c.c.p.PortalMicroserviceApplication - No active profile set, falling back to default profiles: default
2021-07-05_18-53-24 [restartedMain] INFO  o.s.b.d.e.DevToolsPropertyDefaultsPostProcessor - Devtools property defaults active! Set 'spring.devtools.add-properties' to 'false' to disable
2021-07-05_18-53-24 [restartedMain] INFO  o.s.b.d.e.DevToolsPropertyDefaultsPostProcessor - For additional web related logging consider setting the 'logging.level.web' property to 'DEBUG'
2021-07-05_18-53-24 [restartedMain] INFO  o.s.cloud.context.scope.GenericScope - BeanFactory id=962eb7b9-fd7f-3c80-b451-4f1fedf99c3e
2021-07-05_18-53-24 [restartedMain] INFO  o.s.c.s.PostProcessorRegistrationDelegate$BeanPostProcessorChecker - Bean 'com.cts.portal.feign.AuthorisingClient' of type [org.springframework.cloud.openfeign.FeignClientFactoryBean] is not eligible for getting processed by all BeanPostProcessors (for example: not eligible for auto-proxying)
2021-07-05_18-53-24 [restartedMain] INFO  o.s.c.s.PostProcessorRegistrationDelegate$BeanPostProcessorChecker - Bean 'com.cts.portal.feign.IPTreatmentClient' of type [org.springframework.cloud.openfeign.FeignClientFactoryBean] is not eligible for getting processed by all BeanPostProcessors (for example: not eligible for auto-proxying)
2021-07-05_18-53-24 [restartedMain] INFO  o.s.c.s.PostProcessorRegistrationDelegate$BeanPostProcessorChecker - Bean 'com.cts.portal.feign.IPTreatmentOfferingClient' of type [org.springframework.cloud.openfeign.FeignClientFactoryBean] is not eligible for getting processed by all BeanPostProcessors (for example: not eligible for auto-proxying)
2021-07-05_18-53-24 [restartedMain] INFO  o.s.c.s.PostProcessorRegistrationDelegate$BeanPostProcessorChecker - Bean 'com.cts.portal.feign.InsuranceClaimClient' of type [org.springframework.cloud.openfeign.FeignClientFactoryBean] is not eligible for getting processed by all BeanPostProcessors (for example: not eligible for auto-proxying)
2021-07-05_18-53-24 [restartedMain] INFO  o.s.b.w.e.tomcat.TomcatWebServer - Tomcat initialized with port(s): 8500 (http)
2021-07-05_18-53-24 [restartedMain] INFO  o.a.coyote.http11.Http11NioProtocol - Initializing ProtocolHandler ["http-nio-8500"]
2021-07-05_18-53-24 [restartedMain] INFO  o.a.catalina.core.StandardService - Starting service [Tomcat]
2021-07-05_18-53-24 [restartedMain] INFO  o.a.catalina.core.StandardEngine - Starting Servlet engine: [Apache Tomcat/9.0.41]
2021-07-05_18-53-24 [restartedMain] INFO  org.apache.jasper.servlet.TldScanner - At least one JAR was scanned for TLDs yet contained no TLDs. Enable debug logging for this logger for a complete list of JARs that were scanned but no TLDs were found in them. Skipping unneeded JARs during scanning can improve startup time and JSP compilation time.
2021-07-05_18-53-24 [restartedMain] INFO  o.a.c.c.C.[Tomcat].[localhost].[/] - Initializing Spring embedded WebApplicationContext
2021-07-05_18-53-24 [restartedMain] INFO  o.s.b.w.s.c.ServletWebServerApplicationContext - Root WebApplicationContext: initialization completed in 1682 ms
2021-07-05_18-53-24 [restartedMain] INFO  o.s.b.d.a.OptionalLiveReloadServer - LiveReload server is running on port 35729
2021-07-05_18-53-24 [restartedMain] INFO  s.d.s.w.PropertySourcedRequestMappingHandlerMapping - Mapped URL path [/v2/api-docs] onto method [springfox.documentation.swagger2.web.Swagger2Controller#getDocumentation(String, HttpServletRequest)]
2021-07-05_18-53-24 [restartedMain] INFO  o.s.s.c.ThreadPoolTaskExecutor - Initializing ExecutorService 'applicationTaskExecutor'
2021-07-05_18-53-24 [restartedMain] INFO  o.a.coyote.http11.Http11NioProtocol - Starting ProtocolHandler ["http-nio-8500"]
2021-07-05_18-53-24 [restartedMain] INFO  o.s.b.w.e.tomcat.TomcatWebServer - Tomcat started on port(s): 8500 (http) with context path ''
2021-07-05_18-53-24 [restartedMain] INFO  s.d.s.w.p.DocumentationPluginsBootstrapper - Context refreshed
2021-07-05_18-53-24 [restartedMain] INFO  s.d.s.w.p.DocumentationPluginsBootstrapper - Found 1 custom documentation plugin(s)
2021-07-05_18-53-24 [restartedMain] INFO  s.d.s.w.s.ApiListingReferenceScanner - Scanning for api listing references
2021-07-05_18-53-24 [restartedMain] INFO  c.c.p.PortalMicroserviceApplication - Started PortalMicroserviceApplication in 3.406 seconds (JVM running for 4.292)
2021-07-05_18-53-24 [http-nio-8500-exec-1] INFO  o.a.c.c.C.[Tomcat].[localhost].[/] - Initializing Spring DispatcherServlet 'dispatcherServlet'
2021-07-05_18-53-24 [http-nio-8500-exec-1] INFO  o.s.web.servlet.DispatcherServlet - Initializing Servlet 'dispatcherServlet'
2021-07-05_18-53-24 [http-nio-8500-exec-1] INFO  o.s.web.servlet.DispatcherServlet - Completed initialization in 0 ms
2021-07-05_18-53-24 [Thread-5] INFO  o.s.s.c.ThreadPoolTaskExecutor - Shutting down ExecutorService 'applicationTaskExecutor'
2021-07-05_18-57-26 [restartedMain] INFO  c.c.p.PortalMicroserviceApplication - Starting PortalMicroserviceApplication using Java 16.0.1 on LAPTOP-JINL65N6 with PID 16112 (E:\CTS\spring\CDE-Project-International-Patients-treatment-management\Portal-Microservice\target\classes started by sreek in E:\CTS\spring\CDE-Project-International-Patients-treatment-management\Portal-Microservice)
2021-07-05_18-57-26 [restartedMain] INFO  c.c.p.PortalMicroserviceApplication - No active profile set, falling back to default profiles: default
2021-07-05_18-57-26 [restartedMain] INFO  o.s.cloud.context.scope.GenericScope - BeanFactory id=962eb7b9-fd7f-3c80-b451-4f1fedf99c3e
2021-07-05_18-57-26 [restartedMain] INFO  o.s.c.s.PostProcessorRegistrationDelegate$BeanPostProcessorChecker - Bean 'com.cts.portal.feign.AuthorisingClient' of type [org.springframework.cloud.openfeign.FeignClientFactoryBean] is not eligible for getting processed by all BeanPostProcessors (for example: not eligible for auto-proxying)
2021-07-05_18-57-26 [restartedMain] INFO  o.s.c.s.PostProcessorRegistrationDelegate$BeanPostProcessorChecker - Bean 'com.cts.portal.feign.IPTreatmentClient' of type [org.springframework.cloud.openfeign.FeignClientFactoryBean] is not eligible for getting processed by all BeanPostProcessors (for example: not eligible for auto-proxying)
2021-07-05_18-57-26 [restartedMain] INFO  o.s.c.s.PostProcessorRegistrationDelegate$BeanPostProcessorChecker - Bean 'com.cts.portal.feign.IPTreatmentOfferingClient' of type [org.springframework.cloud.openfeign.FeignClientFactoryBean] is not eligible for getting processed by all BeanPostProcessors (for example: not eligible for auto-proxying)
2021-07-05_18-57-26 [restartedMain] INFO  o.s.c.s.PostProcessorRegistrationDelegate$BeanPostProcessorChecker - Bean 'com.cts.portal.feign.InsuranceClaimClient' of type [org.springframework.cloud.openfeign.FeignClientFactoryBean] is not eligible for getting processed by all BeanPostProcessors (for example: not eligible for auto-proxying)
2021-07-05_18-57-26 [restartedMain] INFO  o.s.b.w.e.tomcat.TomcatWebServer - Tomcat initialized with port(s): 8500 (http)
2021-07-05_18-57-26 [restartedMain] INFO  o.a.coyote.http11.Http11NioProtocol - Initializing ProtocolHandler ["http-nio-8500"]
2021-07-05_18-57-26 [restartedMain] INFO  o.a.catalina.core.StandardService - Starting service [Tomcat]
2021-07-05_18-57-26 [restartedMain] INFO  o.a.catalina.core.StandardEngine - Starting Servlet engine: [Apache Tomcat/9.0.41]
2021-07-05_18-57-26 [restartedMain] INFO  org.apache.jasper.servlet.TldScanner - At least one JAR was scanned for TLDs yet contained no TLDs. Enable debug logging for this logger for a complete list of JARs that were scanned but no TLDs were found in them. Skipping unneeded JARs during scanning can improve startup time and JSP compilation time.
2021-07-05_18-57-26 [restartedMain] INFO  o.a.c.c.C.[Tomcat].[localhost].[/] - Initializing Spring embedded WebApplicationContext
2021-07-05_18-57-26 [restartedMain] INFO  o.s.b.w.s.c.ServletWebServerApplicationContext - Root WebApplicationContext: initialization completed in 541 ms
2021-07-05_18-57-26 [restartedMain] INFO  o.s.b.d.a.OptionalLiveReloadServer - LiveReload server is running on port 35729
2021-07-05_18-57-26 [restartedMain] INFO  s.d.s.w.PropertySourcedRequestMappingHandlerMapping - Mapped URL path [/v2/api-docs] onto method [springfox.documentation.swagger2.web.Swagger2Controller#getDocumentation(String, HttpServletRequest)]
2021-07-05_18-57-26 [restartedMain] INFO  o.s.s.c.ThreadPoolTaskExecutor - Initializing ExecutorService 'applicationTaskExecutor'
2021-07-05_18-57-26 [restartedMain] INFO  o.a.coyote.http11.Http11NioProtocol - Starting ProtocolHandler ["http-nio-8500"]
2021-07-05_18-57-26 [restartedMain] INFO  o.s.b.w.e.tomcat.TomcatWebServer - Tomcat started on port(s): 8500 (http) with context path ''
2021-07-05_18-57-26 [restartedMain] INFO  s.d.s.w.p.DocumentationPluginsBootstrapper - Context refreshed
2021-07-05_18-57-26 [restartedMain] INFO  s.d.s.w.p.DocumentationPluginsBootstrapper - Found 1 custom documentation plugin(s)
2021-07-05_18-57-26 [restartedMain] INFO  s.d.s.w.s.ApiListingReferenceScanner - Scanning for api listing references
2021-07-05_18-57-26 [restartedMain] INFO  c.c.p.PortalMicroserviceApplication - Started PortalMicroserviceApplication in 1.103 seconds (JVM running for 244.633)
2021-07-05_18-57-26 [restartedMain] INFO  o.s.b.d.a.ConditionEvaluationDeltaLoggingListener - Condition evaluation unchanged
2021-07-05_18-57-26 [RMI TCP Connection(40)-127.0.0.1] INFO  o.s.b.a.SpringApplicationAdminMXBeanRegistrar$SpringApplicationAdmin - Application shutdown requested.
2021-07-05_18-57-26 [RMI TCP Connection(40)-127.0.0.1] INFO  o.s.s.c.ThreadPoolTaskExecutor - Shutting down ExecutorService 'applicationTaskExecutor'
2021-07-05_20-38-04 [background-preinit] INFO  o.h.validator.internal.util.Version - HV000001: Hibernate Validator 6.1.7.Final
2021-07-05_20-38-04 [restartedMain] INFO  c.c.p.PortalMicroserviceApplication - Starting PortalMicroserviceApplication using Java 16.0.1 on LAPTOP-JINL65N6 with PID 13796 (E:\CTS\spring\CDE-Project-International-Patients-treatment-management\Portal-Microservice\target\classes started by sreek in E:\CTS\spring\CDE-Project-International-Patients-treatment-management\Portal-Microservice)
2021-07-05_20-38-04 [restartedMain] INFO  c.c.p.PortalMicroserviceApplication - No active profile set, falling back to default profiles: default
2021-07-05_20-38-04 [restartedMain] INFO  o.s.b.d.e.DevToolsPropertyDefaultsPostProcessor - Devtools property defaults active! Set 'spring.devtools.add-properties' to 'false' to disable
2021-07-05_20-38-04 [restartedMain] INFO  o.s.b.d.e.DevToolsPropertyDefaultsPostProcessor - For additional web related logging consider setting the 'logging.level.web' property to 'DEBUG'
2021-07-05_20-38-04 [restartedMain] INFO  o.s.cloud.context.scope.GenericScope - BeanFactory id=962eb7b9-fd7f-3c80-b451-4f1fedf99c3e
2021-07-05_20-38-04 [restartedMain] INFO  o.s.c.s.PostProcessorRegistrationDelegate$BeanPostProcessorChecker - Bean 'com.cts.portal.feign.AuthorisingClient' of type [org.springframework.cloud.openfeign.FeignClientFactoryBean] is not eligible for getting processed by all BeanPostProcessors (for example: not eligible for auto-proxying)
2021-07-05_20-38-04 [restartedMain] INFO  o.s.c.s.PostProcessorRegistrationDelegate$BeanPostProcessorChecker - Bean 'com.cts.portal.feign.IPTreatmentClient' of type [org.springframework.cloud.openfeign.FeignClientFactoryBean] is not eligible for getting processed by all BeanPostProcessors (for example: not eligible for auto-proxying)
2021-07-05_20-38-04 [restartedMain] INFO  o.s.c.s.PostProcessorRegistrationDelegate$BeanPostProcessorChecker - Bean 'com.cts.portal.feign.IPTreatmentOfferingClient' of type [org.springframework.cloud.openfeign.FeignClientFactoryBean] is not eligible for getting processed by all BeanPostProcessors (for example: not eligible for auto-proxying)
2021-07-05_20-38-04 [restartedMain] INFO  o.s.c.s.PostProcessorRegistrationDelegate$BeanPostProcessorChecker - Bean 'com.cts.portal.feign.InsuranceClaimClient' of type [org.springframework.cloud.openfeign.FeignClientFactoryBean] is not eligible for getting processed by all BeanPostProcessors (for example: not eligible for auto-proxying)
2021-07-05_20-38-04 [restartedMain] INFO  o.s.b.w.e.tomcat.TomcatWebServer - Tomcat initialized with port(s): 8500 (http)
2021-07-05_20-38-04 [restartedMain] INFO  o.a.coyote.http11.Http11NioProtocol - Initializing ProtocolHandler ["http-nio-8500"]
2021-07-05_20-38-04 [restartedMain] INFO  o.a.catalina.core.StandardService - Starting service [Tomcat]
2021-07-05_20-38-04 [restartedMain] INFO  o.a.catalina.core.StandardEngine - Starting Servlet engine: [Apache Tomcat/9.0.41]
2021-07-05_20-38-04 [restartedMain] INFO  org.apache.jasper.servlet.TldScanner - At least one JAR was scanned for TLDs yet contained no TLDs. Enable debug logging for this logger for a complete list of JARs that were scanned but no TLDs were found in them. Skipping unneeded JARs during scanning can improve startup time and JSP compilation time.
2021-07-05_20-38-04 [restartedMain] INFO  o.a.c.c.C.[Tomcat].[localhost].[/] - Initializing Spring embedded WebApplicationContext
2021-07-05_20-38-04 [restartedMain] INFO  o.s.b.w.s.c.ServletWebServerApplicationContext - Root WebApplicationContext: initialization completed in 1345 ms
2021-07-05_20-38-04 [restartedMain] INFO  s.d.s.w.PropertySourcedRequestMappingHandlerMapping - Mapped URL path [/v2/api-docs] onto method [springfox.documentation.swagger2.web.Swagger2Controller#getDocumentation(String, HttpServletRequest)]
2021-07-05_20-38-04 [restartedMain] INFO  o.s.s.c.ThreadPoolTaskExecutor - Initializing ExecutorService 'applicationTaskExecutor'
2021-07-05_20-38-04 [restartedMain] INFO  o.a.coyote.http11.Http11NioProtocol - Starting ProtocolHandler ["http-nio-8500"]
2021-07-05_20-38-04 [restartedMain] INFO  o.s.b.w.e.tomcat.TomcatWebServer - Tomcat started on port(s): 8500 (http) with context path ''
2021-07-05_20-38-04 [restartedMain] INFO  s.d.s.w.p.DocumentationPluginsBootstrapper - Context refreshed
2021-07-05_20-38-04 [restartedMain] INFO  s.d.s.w.p.DocumentationPluginsBootstrapper - Found 1 custom documentation plugin(s)
2021-07-05_20-38-04 [restartedMain] INFO  s.d.s.w.s.ApiListingReferenceScanner - Scanning for api listing references
2021-07-05_20-38-04 [restartedMain] INFO  c.c.p.PortalMicroserviceApplication - Started PortalMicroserviceApplication in 3.069 seconds (JVM running for 4.149)
2021-07-05_21-27-06 [background-preinit] INFO  o.h.validator.internal.util.Version - HV000001: Hibernate Validator 6.1.7.Final
2021-07-05_21-27-06 [restartedMain] INFO  c.c.p.PortalMicroserviceApplication - Starting PortalMicroserviceApplication using Java 16.0.1 on LAPTOP-JINL65N6 with PID 17432 (E:\CTS\spring\CDE-Project-International-Patients-treatment-management\Portal-Microservice\target\classes started by sreek in E:\CTS\spring\CDE-Project-International-Patients-treatment-management\Portal-Microservice)
2021-07-05_21-27-06 [restartedMain] INFO  c.c.p.PortalMicroserviceApplication - No active profile set, falling back to default profiles: default
2021-07-05_21-27-06 [restartedMain] INFO  o.s.b.d.e.DevToolsPropertyDefaultsPostProcessor - Devtools property defaults active! Set 'spring.devtools.add-properties' to 'false' to disable
2021-07-05_21-27-06 [restartedMain] INFO  o.s.b.d.e.DevToolsPropertyDefaultsPostProcessor - For additional web related logging consider setting the 'logging.level.web' property to 'DEBUG'
2021-07-05_21-27-06 [restartedMain] INFO  o.s.cloud.context.scope.GenericScope - BeanFactory id=962eb7b9-fd7f-3c80-b451-4f1fedf99c3e
2021-07-05_21-27-06 [restartedMain] INFO  o.s.c.s.PostProcessorRegistrationDelegate$BeanPostProcessorChecker - Bean 'com.cts.portal.feign.AuthorisingClient' of type [org.springframework.cloud.openfeign.FeignClientFactoryBean] is not eligible for getting processed by all BeanPostProcessors (for example: not eligible for auto-proxying)
2021-07-05_21-27-06 [restartedMain] INFO  o.s.c.s.PostProcessorRegistrationDelegate$BeanPostProcessorChecker - Bean 'com.cts.portal.feign.IPTreatmentClient' of type [org.springframework.cloud.openfeign.FeignClientFactoryBean] is not eligible for getting processed by all BeanPostProcessors (for example: not eligible for auto-proxying)
2021-07-05_21-27-06 [restartedMain] INFO  o.s.c.s.PostProcessorRegistrationDelegate$BeanPostProcessorChecker - Bean 'com.cts.portal.feign.IPTreatmentOfferingClient' of type [org.springframework.cloud.openfeign.FeignClientFactoryBean] is not eligible for getting processed by all BeanPostProcessors (for example: not eligible for auto-proxying)
2021-07-05_21-27-06 [restartedMain] INFO  o.s.c.s.PostProcessorRegistrationDelegate$BeanPostProcessorChecker - Bean 'com.cts.portal.feign.InsuranceClaimClient' of type [org.springframework.cloud.openfeign.FeignClientFactoryBean] is not eligible for getting processed by all BeanPostProcessors (for example: not eligible for auto-proxying)
2021-07-05_21-27-06 [restartedMain] INFO  o.s.b.w.e.tomcat.TomcatWebServer - Tomcat initialized with port(s): 8500 (http)
2021-07-05_21-27-06 [restartedMain] INFO  o.a.coyote.http11.Http11NioProtocol - Initializing ProtocolHandler ["http-nio-8500"]
2021-07-05_21-27-06 [restartedMain] INFO  o.a.catalina.core.StandardService - Starting service [Tomcat]
2021-07-05_21-27-06 [restartedMain] INFO  o.a.catalina.core.StandardEngine - Starting Servlet engine: [Apache Tomcat/9.0.41]
2021-07-05_21-27-06 [restartedMain] INFO  org.apache.jasper.servlet.TldScanner - At least one JAR was scanned for TLDs yet contained no TLDs. Enable debug logging for this logger for a complete list of JARs that were scanned but no TLDs were found in them. Skipping unneeded JARs during scanning can improve startup time and JSP compilation time.
2021-07-05_21-27-06 [restartedMain] INFO  o.a.c.c.C.[Tomcat].[localhost].[/] - Initializing Spring embedded WebApplicationContext
2021-07-05_21-27-06 [restartedMain] INFO  o.s.b.w.s.c.ServletWebServerApplicationContext - Root WebApplicationContext: initialization completed in 1403 ms
2021-07-05_21-27-06 [restartedMain] INFO  s.d.s.w.PropertySourcedRequestMappingHandlerMapping - Mapped URL path [/v2/api-docs] onto method [springfox.documentation.swagger2.web.Swagger2Controller#getDocumentation(String, HttpServletRequest)]
2021-07-05_21-27-06 [restartedMain] INFO  o.s.s.c.ThreadPoolTaskExecutor - Initializing ExecutorService 'applicationTaskExecutor'
2021-07-05_21-27-06 [restartedMain] INFO  o.a.coyote.http11.Http11NioProtocol - Starting ProtocolHandler ["http-nio-8500"]
2021-07-05_21-27-06 [restartedMain] INFO  o.s.s.c.ThreadPoolTaskExecutor - Shutting down ExecutorService 'applicationTaskExecutor'
2021-07-05_21-27-06 [restartedMain] INFO  o.a.coyote.http11.Http11NioProtocol - Pausing ProtocolHandler ["http-nio-8500"]
2021-07-05_21-27-06 [restartedMain] INFO  o.a.catalina.core.StandardService - Stopping service [Tomcat]
2021-07-05_21-27-06 [restartedMain] INFO  o.a.coyote.http11.Http11NioProtocol - Stopping ProtocolHandler ["http-nio-8500"]
2021-07-05_21-27-06 [restartedMain] INFO  o.a.coyote.http11.Http11NioProtocol - Destroying ProtocolHandler ["http-nio-8500"]
2021-07-05_21-27-06 [restartedMain] INFO  o.s.b.a.l.ConditionEvaluationReportLoggingListener - 

Error starting ApplicationContext. To display the conditions report re-run your application with 'debug' enabled.
2021-07-05_20-38-04 [RMI TCP Connection(49)-127.0.0.1] INFO  o.s.b.a.SpringApplicationAdminMXBeanRegistrar$SpringApplicationAdmin - Application shutdown requested.
2021-07-05_20-38-04 [RMI TCP Connection(49)-127.0.0.1] INFO  o.s.s.c.ThreadPoolTaskExecutor - Shutting down ExecutorService 'applicationTaskExecutor'
2021-07-05_22-25-53 [background-preinit] INFO  o.h.validator.internal.util.Version - HV000001: Hibernate Validator 6.1.7.Final
2021-07-05_22-25-53 [restartedMain] INFO  c.c.p.PortalMicroserviceApplication - Starting PortalMicroserviceApplication using Java 16.0.1 on LAPTOP-JINL65N6 with PID 17340 (E:\CTS\spring\CDE-Project-International-Patients-treatment-management\Portal-Microservice\target\classes started by sreek in E:\CTS\spring\CDE-Project-International-Patients-treatment-management\Portal-Microservice)
2021-07-05_22-25-53 [restartedMain] INFO  c.c.p.PortalMicroserviceApplication - No active profile set, falling back to default profiles: default
2021-07-05_22-25-53 [restartedMain] INFO  o.s.b.d.e.DevToolsPropertyDefaultsPostProcessor - Devtools property defaults active! Set 'spring.devtools.add-properties' to 'false' to disable
2021-07-05_22-25-53 [restartedMain] INFO  o.s.b.d.e.DevToolsPropertyDefaultsPostProcessor - For additional web related logging consider setting the 'logging.level.web' property to 'DEBUG'
2021-07-05_22-25-53 [restartedMain] INFO  o.s.cloud.context.scope.GenericScope - BeanFactory id=962eb7b9-fd7f-3c80-b451-4f1fedf99c3e
2021-07-05_22-25-53 [restartedMain] INFO  o.s.c.s.PostProcessorRegistrationDelegate$BeanPostProcessorChecker - Bean 'com.cts.portal.feign.AuthorisingClient' of type [org.springframework.cloud.openfeign.FeignClientFactoryBean] is not eligible for getting processed by all BeanPostProcessors (for example: not eligible for auto-proxying)
2021-07-05_22-25-53 [restartedMain] INFO  o.s.c.s.PostProcessorRegistrationDelegate$BeanPostProcessorChecker - Bean 'com.cts.portal.feign.IPTreatmentClient' of type [org.springframework.cloud.openfeign.FeignClientFactoryBean] is not eligible for getting processed by all BeanPostProcessors (for example: not eligible for auto-proxying)
2021-07-05_22-25-53 [restartedMain] INFO  o.s.c.s.PostProcessorRegistrationDelegate$BeanPostProcessorChecker - Bean 'com.cts.portal.feign.IPTreatmentOfferingClient' of type [org.springframework.cloud.openfeign.FeignClientFactoryBean] is not eligible for getting processed by all BeanPostProcessors (for example: not eligible for auto-proxying)
2021-07-05_22-25-53 [restartedMain] INFO  o.s.c.s.PostProcessorRegistrationDelegate$BeanPostProcessorChecker - Bean 'com.cts.portal.feign.InsuranceClaimClient' of type [org.springframework.cloud.openfeign.FeignClientFactoryBean] is not eligible for getting processed by all BeanPostProcessors (for example: not eligible for auto-proxying)
2021-07-05_22-25-53 [restartedMain] INFO  o.s.b.w.e.tomcat.TomcatWebServer - Tomcat initialized with port(s): 8500 (http)
2021-07-05_22-25-53 [restartedMain] INFO  o.a.coyote.http11.Http11NioProtocol - Initializing ProtocolHandler ["http-nio-8500"]
2021-07-05_22-25-53 [restartedMain] INFO  o.a.catalina.core.StandardService - Starting service [Tomcat]
2021-07-05_22-25-53 [restartedMain] INFO  o.a.catalina.core.StandardEngine - Starting Servlet engine: [Apache Tomcat/9.0.41]
2021-07-05_22-25-53 [restartedMain] INFO  org.apache.jasper.servlet.TldScanner - At least one JAR was scanned for TLDs yet contained no TLDs. Enable debug logging for this logger for a complete list of JARs that were scanned but no TLDs were found in them. Skipping unneeded JARs during scanning can improve startup time and JSP compilation time.
2021-07-05_22-25-53 [restartedMain] INFO  o.a.c.c.C.[Tomcat].[localhost].[/] - Initializing Spring embedded WebApplicationContext
2021-07-05_22-25-53 [restartedMain] INFO  o.s.b.w.s.c.ServletWebServerApplicationContext - Root WebApplicationContext: initialization completed in 1400 ms
2021-07-05_22-25-53 [restartedMain] INFO  s.d.s.w.PropertySourcedRequestMappingHandlerMapping - Mapped URL path [/v2/api-docs] onto method [springfox.documentation.swagger2.web.Swagger2Controller#getDocumentation(String, HttpServletRequest)]
2021-07-05_22-25-53 [restartedMain] INFO  o.s.s.c.ThreadPoolTaskExecutor - Initializing ExecutorService 'applicationTaskExecutor'
2021-07-05_22-25-53 [restartedMain] INFO  o.a.coyote.http11.Http11NioProtocol - Starting ProtocolHandler ["http-nio-8500"]
2021-07-05_22-25-53 [restartedMain] INFO  o.s.b.w.e.tomcat.TomcatWebServer - Tomcat started on port(s): 8500 (http) with context path ''
2021-07-05_22-25-53 [restartedMain] INFO  s.d.s.w.p.DocumentationPluginsBootstrapper - Context refreshed
2021-07-05_22-25-53 [restartedMain] INFO  s.d.s.w.p.DocumentationPluginsBootstrapper - Found 1 custom documentation plugin(s)
2021-07-05_22-25-53 [restartedMain] INFO  s.d.s.w.s.ApiListingReferenceScanner - Scanning for api listing references
2021-07-05_22-25-53 [restartedMain] INFO  c.c.p.PortalMicroserviceApplication - Started PortalMicroserviceApplication in 2.813 seconds (JVM running for 3.716)
